<?xml version="1.0" encoding="UTF-8"?>
<!-- Generated by org.testng.reporters.JUnitReportReporter -->
<testsuite hostname="gani" failures="0" tests="1" name="org.sample.mavenSample.StreamJava" time="0.018" errors="0" timestamp="2024-07-29T11:21:33 IST" skipped="0">
  <testcase classname="org.sample.mavenSample.StreamJava" name="streamMap" time="0.018"/>
</testsuite> <!-- org.sample.mavenSample.StreamJava -->
