<?xml version="1.0" encoding="UTF-8"?>
<!-- Generated by org.testng.reporters.JUnitReportReporter -->
<testsuite hostname="gani" failures="0" tests="1" name="org.sample.mavenSample.App" time="0.009" errors="0" timestamp="2024-07-28T09:24:17 IST" skipped="0">
  <testcase classname="org.sample.mavenSample.App" name="main" time="0.009"/>
</testsuite> <!-- org.sample.mavenSample.App -->
