<?xml version="1.0" encoding="UTF-8"?>
<!-- Generated by org.testng.reporters.JUnitReportReporter -->
<testsuite hostname="gani" failures="0" tests="1" name="org.sample.mavenSample.AppTest" time="0.004" errors="0" timestamp="2024-07-28T09:24:17 IST" skipped="0">
  <testcase classname="org.sample.mavenSample.AppTest" name="testApp" time="0.004"/>
</testsuite> <!-- org.sample.mavenSample.AppTest -->
