<?xml version="1.0" encoding="UTF-8"?>
<!-- Generated by org.testng.reporters.JUnitReportReporter -->
<testsuite hostname="gani" failures="0" tests="1" name="org.sample.TestNg.App" time="0.010" errors="0" timestamp="2024-07-28T10:28:00 IST" skipped="0">
  <testcase classname="org.sample.TestNg.App" name="m1" time="0.010"/>
</testsuite> <!-- org.sample.TestNg.App -->
