<?xml version="1.0" encoding="UTF-8"?>
<!-- Generated by org.testng.reporters.JUnitReportReporter -->
<testsuite hostname="gani" failures="0" tests="7" name="practiceTestNg.Mobiles" time="0.040" errors="0" timestamp="2024-09-05T10:37:49 IST" skipped="0">
  <testcase classname="practiceTestNg.Mobiles" name="blackBerry" time="0.013"/>
  <testcase classname="practiceTestNg.Mobiles" name="vivo" time="0.004"/>
  <testcase classname="practiceTestNg.Mobiles" name="nokia" time="0.010"/>
  <testcase classname="practiceTestNg.Mobiles" name="redme" time="0.005"/>
  <testcase classname="practiceTestNg.Mobiles" name="oppo" time="0.002"/>
  <testcase classname="practiceTestNg.Mobiles" name="realme" time="0.002"/>
  <testcase classname="practiceTestNg.Mobiles" name="onePlus" time="0.004"/>
</testsuite> <!-- practiceTestNg.Mobiles -->
