<?xml version="1.0" encoding="UTF-8"?>
<!-- Generated by org.testng.reporters.JUnitReportReporter -->
<testsuite hostname="gani" failures="0" tests="2" name="practiceTestNg.Prac" time="0.014" errors="0" timestamp="2024-08-17T16:10:12 IST" skipped="0">
  <testcase classname="practiceTestNg.Prac" name="m3" time="0.008"/>
  <testcase classname="practiceTestNg.Prac" name="m2" time="0.006"/>
</testsuite> <!-- practiceTestNg.Prac -->
