<?xml version="1.0" encoding="UTF-8"?>
<!-- Generated by org.testng.reporters.JUnitReportReporter -->
<testsuite hostname="gani" failures="0" tests="1" name="practiceTestNg.Cards" time="0.014" errors="0" timestamp="2024-09-05T10:37:49 IST" skipped="0">
  <testcase classname="practiceTestNg.Cards" name="goldenCard" time="0.014"/>
</testsuite> <!-- practiceTestNg.Cards -->
