<?xml version="1.0" encoding="UTF-8"?>
<!-- Generated by org.testng.reporters.JUnitReportReporter -->
<testsuite hostname="gani" failures="0" tests="1" name="practiceTestNg.VehicalLoan" time="0.001" errors="0" timestamp="2024-08-08T19:01:07 IST" skipped="0">
  <testcase classname="practiceTestNg.VehicalLoan" name="carLoan" time="0.001"/>
</testsuite> <!-- practiceTestNg.VehicalLoan -->
