<?xml version="1.0" encoding="UTF-8"?>
<!-- Generated by org.testng.reporters.JUnitReportReporter -->
<testsuite hostname="gani" failures="0" tests="14" name="practiceTestNg.BooksAndPens" time="0.016" errors="0" timestamp="2024-09-05T10:37:49 IST" skipped="0">
  <testcase classname="practiceTestNg.BooksAndPens" name="pen4" time="0.002"/>
  <testcase classname="practiceTestNg.BooksAndPens" name="pen3" time="0.001"/>
  <testcase classname="practiceTestNg.BooksAndPens" name="book6" time="0.001"/>
  <testcase classname="practiceTestNg.BooksAndPens" name="pen3" time="0.001"/>
  <testcase classname="practiceTestNg.BooksAndPens" name="pen3" time="0.001"/>
  <testcase classname="practiceTestNg.BooksAndPens" name="book4" time="0.001"/>
  <testcase classname="practiceTestNg.BooksAndPens" name="pen5" time="0.001"/>
  <testcase classname="practiceTestNg.BooksAndPens" name="book2" time="0.002"/>
  <testcase classname="practiceTestNg.BooksAndPens" name="pen2" time="0.000"/>
  <testcase classname="practiceTestNg.BooksAndPens" name="book3" time="0.001"/>
  <testcase classname="practiceTestNg.BooksAndPens" name="book5" time="0.001"/>
  <testcase classname="practiceTestNg.BooksAndPens" name="pen6" time="0.001"/>
  <testcase classname="practiceTestNg.BooksAndPens" name="book1" time="0.001"/>
  <testcase classname="practiceTestNg.BooksAndPens" name="pen1" time="0.002"/>
</testsuite> <!-- practiceTestNg.BooksAndPens -->
