<?xml version="1.0" encoding="UTF-8"?>
<!-- Generated by org.testng.reporters.JUnitReportReporter -->
<testsuite hostname="gani" failures="0" tests="4" name="practiceTestNg.PersonalLoan" time="0.018" errors="0" timestamp="2024-09-05T10:37:49 IST" skipped="0">
  <testcase classname="practiceTestNg.PersonalLoan" name="suresh" time="0.005"/>
  <testcase classname="practiceTestNg.PersonalLoan" name="ravi" time="0.001"/>
  <testcase classname="practiceTestNg.PersonalLoan" name="raja" time="0.001"/>
  <testcase classname="practiceTestNg.PersonalLoan" name="nikil" time="0.011"/>
</testsuite> <!-- practiceTestNg.PersonalLoan -->
